<?xml version="1.0" encoding="UTF-8"?>
<testsuite xmlns:xsi="http://www.w3.org/2001/XMLSchema-instance" xsi:noNamespaceSchemaLocation="https://maven.apache.org/surefire/maven-surefire-plugin/xsd/surefire-test-report.xsd" name="com.ibm.products.controller.ProductControllerTest" time="3.59" tests="1" errors="1" skipped="0" failures="0">
  <properties>
    <property name="sun.desktop" value="windows"/>
    <property name="awt.toolkit" value="sun.awt.windows.WToolkit"/>
    <property name="file.encoding.pkg" value="sun.io"/>
    <property name="jdk.extensions.version" value="17.0.8.0"/>
    <property name="java.specification.version" value="17"/>
    <property name="sun.jnu.encoding" value="Cp1252"/>
    <property name="java.class.path" value="C:\Users\111147781\Documents\Work\GiveBack\DemoWorkspace\products\target\test-classes;C:\Users\111147781\Documents\Work\GiveBack\DemoWorkspace\products\target\classes;C:\Users\111147781\.m2\repository\org\springframework\boot\spring-boot-starter-data-jpa\3.0.11\spring-boot-starter-data-jpa-3.0.11.jar;C:\Users\111147781\.m2\repository\org\springframework\boot\spring-boot-starter-aop\3.0.11\spring-boot-starter-aop-3.0.11.jar;C:\Users\111147781\.m2\repository\org\springframework\spring-aop\6.0.12\spring-aop-6.0.12.jar;C:\Users\111147781\.m2\repository\org\aspectj\aspectjweaver\1.9.20\aspectjweaver-1.9.20.jar;C:\Users\111147781\.m2\repository\org\springframework\boot\spring-boot-starter-jdbc\3.0.11\spring-boot-starter-jdbc-3.0.11.jar;C:\Users\111147781\.m2\repository\com\zaxxer\HikariCP\5.0.1\HikariCP-5.0.1.jar;C:\Users\111147781\.m2\repository\org\springframework\spring-jdbc\6.0.12\spring-jdbc-6.0.12.jar;C:\Users\111147781\.m2\repository\org\hibernate\orm\hibernate-core\6.1.7.Final\hibernate-core-6.1.7.Final.jar;C:\Users\111147781\.m2\repository\jakarta\persistence\jakarta.persistence-api\3.1.0\jakarta.persistence-api-3.1.0.jar;C:\Users\111147781\.m2\repository\jakarta\transaction\jakarta.transaction-api\2.0.1\jakarta.transaction-api-2.0.1.jar;C:\Users\111147781\.m2\repository\org\jboss\logging\jboss-logging\3.5.3.Final\jboss-logging-3.5.3.Final.jar;C:\Users\111147781\.m2\repository\org\hibernate\common\hibernate-commons-annotations\6.0.6.Final\hibernate-commons-annotations-6.0.6.Final.jar;C:\Users\111147781\.m2\repository\org\jboss\jandex\2.4.2.Final\jandex-2.4.2.Final.jar;C:\Users\111147781\.m2\repository\com\fasterxml\classmate\1.5.1\classmate-1.5.1.jar;C:\Users\111147781\.m2\repository\net\bytebuddy\byte-buddy\1.12.23\byte-buddy-1.12.23.jar;C:\Users\111147781\.m2\repository\org\glassfish\jaxb\jaxb-runtime\4.0.3\jaxb-runtime-4.0.3.jar;C:\Users\111147781\.m2\repository\org\glassfish\jaxb\jaxb-core\4.0.3\jaxb-core-4.0.3.jar;C:\Users\111147781\.m2\repository\org\eclipse\angus\angus-activation\2.0.1\angus-activation-2.0.1.jar;C:\Users\111147781\.m2\repository\org\glassfish\jaxb\txw2\4.0.3\txw2-4.0.3.jar;C:\Users\111147781\.m2\repository\com\sun\istack\istack-commons-runtime\4.1.2\istack-commons-runtime-4.1.2.jar;C:\Users\111147781\.m2\repository\jakarta\inject\jakarta.inject-api\2.0.0\jakarta.inject-api-2.0.0.jar;C:\Users\111147781\.m2\repository\org\antlr\antlr4-runtime\4.10.1\antlr4-runtime-4.10.1.jar;C:\Users\111147781\.m2\repository\org\springframework\data\spring-data-jpa\3.0.10\spring-data-jpa-3.0.10.jar;C:\Users\111147781\.m2\repository\org\springframework\data\spring-data-commons\3.0.10\spring-data-commons-3.0.10.jar;C:\Users\111147781\.m2\repository\org\springframework\spring-orm\6.0.12\spring-orm-6.0.12.jar;C:\Users\111147781\.m2\repository\org\springframework\spring-context\6.0.12\spring-context-6.0.12.jar;C:\Users\111147781\.m2\repository\org\springframework\spring-tx\6.0.12\spring-tx-6.0.12.jar;C:\Users\111147781\.m2\repository\org\springframework\spring-beans\6.0.12\spring-beans-6.0.12.jar;C:\Users\111147781\.m2\repository\jakarta\annotation\jakarta.annotation-api\2.1.1\jakarta.annotation-api-2.1.1.jar;C:\Users\111147781\.m2\repository\org\slf4j\slf4j-api\2.0.9\slf4j-api-2.0.9.jar;C:\Users\111147781\.m2\repository\org\springframework\spring-aspects\6.0.12\spring-aspects-6.0.12.jar;C:\Users\111147781\.m2\repository\org\springframework\boot\spring-boot-starter-web\3.0.11\spring-boot-starter-web-3.0.11.jar;C:\Users\111147781\.m2\repository\org\springframework\boot\spring-boot-starter\3.0.11\spring-boot-starter-3.0.11.jar;C:\Users\111147781\.m2\repository\org\springframework\boot\spring-boot-starter-logging\3.0.11\spring-boot-starter-logging-3.0.11.jar;C:\Users\111147781\.m2\repository\ch\qos\logback\logback-classic\1.4.11\logback-classic-1.4.11.jar;C:\Users\111147781\.m2\repository\ch\qos\logback\logback-core\1.4.11\logback-core-1.4.11.jar;C:\Users\111147781\.m2\repository\org\apache\logging\log4j\log4j-to-slf4j\2.19.0\log4j-to-slf4j-2.19.0.jar;C:\Users\111147781\.m2\repository\org\apache\logging\log4j\log4j-api\2.19.0\log4j-api-2.19.0.jar;C:\Users\111147781\.m2\repository\org\slf4j\jul-to-slf4j\2.0.9\jul-to-slf4j-2.0.9.jar;C:\Users\111147781\.m2\repository\org\yaml\snakeyaml\1.33\snakeyaml-1.33.jar;C:\Users\111147781\.m2\repository\org\springframework\boot\spring-boot-starter-json\3.0.11\spring-boot-starter-json-3.0.11.jar;C:\Users\111147781\.m2\repository\com\fasterxml\jackson\core\jackson-databind\2.14.3\jackson-databind-2.14.3.jar;C:\Users\111147781\.m2\repository\com\fasterxml\jackson\core\jackson-annotations\2.14.3\jackson-annotations-2.14.3.jar;C:\Users\111147781\.m2\repository\com\fasterxml\jackson\core\jackson-core\2.14.3\jackson-core-2.14.3.jar;C:\Users\111147781\.m2\repository\com\fasterxml\jackson\datatype\jackson-datatype-jdk8\2.14.3\jackson-datatype-jdk8-2.14.3.jar;C:\Users\111147781\.m2\repository\com\fasterxml\jackson\datatype\jackson-datatype-jsr310\2.14.3\jackson-datatype-jsr310-2.14.3.jar;C:\Users\111147781\.m2\repository\com\fasterxml\jackson\module\jackson-module-parameter-names\2.14.3\jackson-module-parameter-names-2.14.3.jar;C:\Users\111147781\.m2\repository\org\springframework\boot\spring-boot-starter-tomcat\3.0.11\spring-boot-starter-tomcat-3.0.11.jar;C:\Users\111147781\.m2\repository\org\apache\tomcat\embed\tomcat-embed-core\10.1.13\tomcat-embed-core-10.1.13.jar;C:\Users\111147781\.m2\repository\org\apache\tomcat\embed\tomcat-embed-el\10.1.13\tomcat-embed-el-10.1.13.jar;C:\Users\111147781\.m2\repository\org\apache\tomcat\embed\tomcat-embed-websocket\10.1.13\tomcat-embed-websocket-10.1.13.jar;C:\Users\111147781\.m2\repository\org\springframework\spring-web\6.0.12\spring-web-6.0.12.jar;C:\Users\111147781\.m2\repository\io\micrometer\micrometer-observation\1.10.11\micrometer-observation-1.10.11.jar;C:\Users\111147781\.m2\repository\io\micrometer\micrometer-commons\1.10.11\micrometer-commons-1.10.11.jar;C:\Users\111147781\.m2\repository\org\springframework\spring-webmvc\6.0.12\spring-webmvc-6.0.12.jar;C:\Users\111147781\.m2\repository\org\springframework\spring-expression\6.0.12\spring-expression-6.0.12.jar;C:\Users\111147781\.m2\repository\org\springframework\boot\spring-boot-devtools\3.0.11\spring-boot-devtools-3.0.11.jar;C:\Users\111147781\.m2\repository\org\springframework\boot\spring-boot\3.0.11\spring-boot-3.0.11.jar;C:\Users\111147781\.m2\repository\org\springframework\boot\spring-boot-autoconfigure\3.0.11\spring-boot-autoconfigure-3.0.11.jar;C:\Users\111147781\.m2\repository\com\h2database\h2\2.1.214\h2-2.1.214.jar;C:\Users\111147781\.m2\repository\org\projectlombok\lombok\1.18.30\lombok-1.18.30.jar;C:\Users\111147781\.m2\repository\org\springframework\boot\spring-boot-starter-test\3.0.11\spring-boot-starter-test-3.0.11.jar;C:\Users\111147781\.m2\repository\org\springframework\boot\spring-boot-test\3.0.11\spring-boot-test-3.0.11.jar;C:\Users\111147781\.m2\repository\org\springframework\boot\spring-boot-test-autoconfigure\3.0.11\spring-boot-test-autoconfigure-3.0.11.jar;C:\Users\111147781\.m2\repository\com\jayway\jsonpath\json-path\2.7.0\json-path-2.7.0.jar;C:\Users\111147781\.m2\repository\net\minidev\json-smart\2.4.11\json-smart-2.4.11.jar;C:\Users\111147781\.m2\repository\net\minidev\accessors-smart\2.4.11\accessors-smart-2.4.11.jar;C:\Users\111147781\.m2\repository\org\ow2\asm\asm\9.3\asm-9.3.jar;C:\Users\111147781\.m2\repository\jakarta\xml\bind\jakarta.xml.bind-api\4.0.1\jakarta.xml.bind-api-4.0.1.jar;C:\Users\111147781\.m2\repository\jakarta\activation\jakarta.activation-api\2.1.2\jakarta.activation-api-2.1.2.jar;C:\Users\111147781\.m2\repository\org\assertj\assertj-core\3.23.1\assertj-core-3.23.1.jar;C:\Users\111147781\.m2\repository\org\hamcrest\hamcrest\2.2\hamcrest-2.2.jar;C:\Users\111147781\.m2\repository\org\junit\jupiter\junit-jupiter\5.9.3\junit-jupiter-5.9.3.jar;C:\Users\111147781\.m2\repository\org\junit\jupiter\junit-jupiter-api\5.9.3\junit-jupiter-api-5.9.3.jar;C:\Users\111147781\.m2\repository\org\opentest4j\opentest4j\1.2.0\opentest4j-1.2.0.jar;C:\Users\111147781\.m2\repository\org\junit\platform\junit-platform-commons\1.9.3\junit-platform-commons-1.9.3.jar;C:\Users\111147781\.m2\repository\org\apiguardian\apiguardian-api\1.1.2\apiguardian-api-1.1.2.jar;C:\Users\111147781\.m2\repository\org\junit\jupiter\junit-jupiter-params\5.9.3\junit-jupiter-params-5.9.3.jar;C:\Users\111147781\.m2\repository\org\junit\jupiter\junit-jupiter-engine\5.9.3\junit-jupiter-engine-5.9.3.jar;C:\Users\111147781\.m2\repository\org\junit\platform\junit-platform-engine\1.9.3\junit-platform-engine-1.9.3.jar;C:\Users\111147781\.m2\repository\org\mockito\mockito-core\4.8.1\mockito-core-4.8.1.jar;C:\Users\111147781\.m2\repository\net\bytebuddy\byte-buddy-agent\1.12.23\byte-buddy-agent-1.12.23.jar;C:\Users\111147781\.m2\repository\org\objenesis\objenesis\3.2\objenesis-3.2.jar;C:\Users\111147781\.m2\repository\org\mockito\mockito-junit-jupiter\4.8.1\mockito-junit-jupiter-4.8.1.jar;C:\Users\111147781\.m2\repository\org\skyscreamer\jsonassert\1.5.1\jsonassert-1.5.1.jar;C:\Users\111147781\.m2\repository\com\vaadin\external\google\android-json\0.0.20131108.vaadin1\android-json-0.0.20131108.vaadin1.jar;C:\Users\111147781\.m2\repository\org\springframework\spring-core\6.0.12\spring-core-6.0.12.jar;C:\Users\111147781\.m2\repository\org\springframework\spring-jcl\6.0.12\spring-jcl-6.0.12.jar;C:\Users\111147781\.m2\repository\org\springframework\spring-test\6.0.12\spring-test-6.0.12.jar;C:\Users\111147781\.m2\repository\org\xmlunit\xmlunit-core\2.9.1\xmlunit-core-2.9.1.jar;C:\Users\111147781\.m2\repository\org\json\json\20230227\json-20230227.jar;C:\Users\111147781\.m2\repository\junit\junit\4.13.2\junit-4.13.2.jar;C:\Users\111147781\.m2\repository\org\hamcrest\hamcrest-core\2.2\hamcrest-core-2.2.jar;"/>
    <property name="java.vm.vendor" value="Eclipse OpenJ9"/>
    <property name="sun.arch.data.model" value="64"/>
    <property name="com.ibm.vm.bitmode" value="64"/>
    <property name="user.variant" value=""/>
    <property name="com.ibm.oti.vm.library.version" value="29"/>
    <property name="java.vendor.url" value="https://www.ibm.com/semeru-runtimes"/>
    <property name="user.timezone" value="America/Mexico_City"/>
    <property name="os.name" value="Windows 11"/>
    <property name="java.vm.specification.version" value="17"/>
    <property name="user.country" value="US"/>
    <property name="sun.java.launcher" value="SUN_STANDARD"/>
    <property name="sun.boot.library.path" value="C:\Program Files\Java\jdk-17.0.8+7\bin\default;C:\Program Files\Java\jdk-17.0.8+7\bin"/>
    <property name="sun.java.command" value="C:\Users\111147~1\AppData\Local\Temp\surefire9382632378211995280\surefirebooter16921450046876817182.jar C:\Users\111147781\AppData\Local\Temp\surefire9382632378211995280 2023-09-27T12-17-46_653-jvmRun1 surefire6059732165095357907tmp surefire_014134152404800460962tmp"/>
    <property name="surefire.test.class.path" value="C:\Users\111147781\Documents\Work\GiveBack\DemoWorkspace\products\target\test-classes;C:\Users\111147781\Documents\Work\GiveBack\DemoWorkspace\products\target\classes;C:\Users\111147781\.m2\repository\org\springframework\boot\spring-boot-starter-data-jpa\3.0.11\spring-boot-starter-data-jpa-3.0.11.jar;C:\Users\111147781\.m2\repository\org\springframework\boot\spring-boot-starter-aop\3.0.11\spring-boot-starter-aop-3.0.11.jar;C:\Users\111147781\.m2\repository\org\springframework\spring-aop\6.0.12\spring-aop-6.0.12.jar;C:\Users\111147781\.m2\repository\org\aspectj\aspectjweaver\1.9.20\aspectjweaver-1.9.20.jar;C:\Users\111147781\.m2\repository\org\springframework\boot\spring-boot-starter-jdbc\3.0.11\spring-boot-starter-jdbc-3.0.11.jar;C:\Users\111147781\.m2\repository\com\zaxxer\HikariCP\5.0.1\HikariCP-5.0.1.jar;C:\Users\111147781\.m2\repository\org\springframework\spring-jdbc\6.0.12\spring-jdbc-6.0.12.jar;C:\Users\111147781\.m2\repository\org\hibernate\orm\hibernate-core\6.1.7.Final\hibernate-core-6.1.7.Final.jar;C:\Users\111147781\.m2\repository\jakarta\persistence\jakarta.persistence-api\3.1.0\jakarta.persistence-api-3.1.0.jar;C:\Users\111147781\.m2\repository\jakarta\transaction\jakarta.transaction-api\2.0.1\jakarta.transaction-api-2.0.1.jar;C:\Users\111147781\.m2\repository\org\jboss\logging\jboss-logging\3.5.3.Final\jboss-logging-3.5.3.Final.jar;C:\Users\111147781\.m2\repository\org\hibernate\common\hibernate-commons-annotations\6.0.6.Final\hibernate-commons-annotations-6.0.6.Final.jar;C:\Users\111147781\.m2\repository\org\jboss\jandex\2.4.2.Final\jandex-2.4.2.Final.jar;C:\Users\111147781\.m2\repository\com\fasterxml\classmate\1.5.1\classmate-1.5.1.jar;C:\Users\111147781\.m2\repository\net\bytebuddy\byte-buddy\1.12.23\byte-buddy-1.12.23.jar;C:\Users\111147781\.m2\repository\org\glassfish\jaxb\jaxb-runtime\4.0.3\jaxb-runtime-4.0.3.jar;C:\Users\111147781\.m2\repository\org\glassfish\jaxb\jaxb-core\4.0.3\jaxb-core-4.0.3.jar;C:\Users\111147781\.m2\repository\org\eclipse\angus\angus-activation\2.0.1\angus-activation-2.0.1.jar;C:\Users\111147781\.m2\repository\org\glassfish\jaxb\txw2\4.0.3\txw2-4.0.3.jar;C:\Users\111147781\.m2\repository\com\sun\istack\istack-commons-runtime\4.1.2\istack-commons-runtime-4.1.2.jar;C:\Users\111147781\.m2\repository\jakarta\inject\jakarta.inject-api\2.0.0\jakarta.inject-api-2.0.0.jar;C:\Users\111147781\.m2\repository\org\antlr\antlr4-runtime\4.10.1\antlr4-runtime-4.10.1.jar;C:\Users\111147781\.m2\repository\org\springframework\data\spring-data-jpa\3.0.10\spring-data-jpa-3.0.10.jar;C:\Users\111147781\.m2\repository\org\springframework\data\spring-data-commons\3.0.10\spring-data-commons-3.0.10.jar;C:\Users\111147781\.m2\repository\org\springframework\spring-orm\6.0.12\spring-orm-6.0.12.jar;C:\Users\111147781\.m2\repository\org\springframework\spring-context\6.0.12\spring-context-6.0.12.jar;C:\Users\111147781\.m2\repository\org\springframework\spring-tx\6.0.12\spring-tx-6.0.12.jar;C:\Users\111147781\.m2\repository\org\springframework\spring-beans\6.0.12\spring-beans-6.0.12.jar;C:\Users\111147781\.m2\repository\jakarta\annotation\jakarta.annotation-api\2.1.1\jakarta.annotation-api-2.1.1.jar;C:\Users\111147781\.m2\repository\org\slf4j\slf4j-api\2.0.9\slf4j-api-2.0.9.jar;C:\Users\111147781\.m2\repository\org\springframework\spring-aspects\6.0.12\spring-aspects-6.0.12.jar;C:\Users\111147781\.m2\repository\org\springframework\boot\spring-boot-starter-web\3.0.11\spring-boot-starter-web-3.0.11.jar;C:\Users\111147781\.m2\repository\org\springframework\boot\spring-boot-starter\3.0.11\spring-boot-starter-3.0.11.jar;C:\Users\111147781\.m2\repository\org\springframework\boot\spring-boot-starter-logging\3.0.11\spring-boot-starter-logging-3.0.11.jar;C:\Users\111147781\.m2\repository\ch\qos\logback\logback-classic\1.4.11\logback-classic-1.4.11.jar;C:\Users\111147781\.m2\repository\ch\qos\logback\logback-core\1.4.11\logback-core-1.4.11.jar;C:\Users\111147781\.m2\repository\org\apache\logging\log4j\log4j-to-slf4j\2.19.0\log4j-to-slf4j-2.19.0.jar;C:\Users\111147781\.m2\repository\org\apache\logging\log4j\log4j-api\2.19.0\log4j-api-2.19.0.jar;C:\Users\111147781\.m2\repository\org\slf4j\jul-to-slf4j\2.0.9\jul-to-slf4j-2.0.9.jar;C:\Users\111147781\.m2\repository\org\yaml\snakeyaml\1.33\snakeyaml-1.33.jar;C:\Users\111147781\.m2\repository\org\springframework\boot\spring-boot-starter-json\3.0.11\spring-boot-starter-json-3.0.11.jar;C:\Users\111147781\.m2\repository\com\fasterxml\jackson\core\jackson-databind\2.14.3\jackson-databind-2.14.3.jar;C:\Users\111147781\.m2\repository\com\fasterxml\jackson\core\jackson-annotations\2.14.3\jackson-annotations-2.14.3.jar;C:\Users\111147781\.m2\repository\com\fasterxml\jackson\core\jackson-core\2.14.3\jackson-core-2.14.3.jar;C:\Users\111147781\.m2\repository\com\fasterxml\jackson\datatype\jackson-datatype-jdk8\2.14.3\jackson-datatype-jdk8-2.14.3.jar;C:\Users\111147781\.m2\repository\com\fasterxml\jackson\datatype\jackson-datatype-jsr310\2.14.3\jackson-datatype-jsr310-2.14.3.jar;C:\Users\111147781\.m2\repository\com\fasterxml\jackson\module\jackson-module-parameter-names\2.14.3\jackson-module-parameter-names-2.14.3.jar;C:\Users\111147781\.m2\repository\org\springframework\boot\spring-boot-starter-tomcat\3.0.11\spring-boot-starter-tomcat-3.0.11.jar;C:\Users\111147781\.m2\repository\org\apache\tomcat\embed\tomcat-embed-core\10.1.13\tomcat-embed-core-10.1.13.jar;C:\Users\111147781\.m2\repository\org\apache\tomcat\embed\tomcat-embed-el\10.1.13\tomcat-embed-el-10.1.13.jar;C:\Users\111147781\.m2\repository\org\apache\tomcat\embed\tomcat-embed-websocket\10.1.13\tomcat-embed-websocket-10.1.13.jar;C:\Users\111147781\.m2\repository\org\springframework\spring-web\6.0.12\spring-web-6.0.12.jar;C:\Users\111147781\.m2\repository\io\micrometer\micrometer-observation\1.10.11\micrometer-observation-1.10.11.jar;C:\Users\111147781\.m2\repository\io\micrometer\micrometer-commons\1.10.11\micrometer-commons-1.10.11.jar;C:\Users\111147781\.m2\repository\org\springframework\spring-webmvc\6.0.12\spring-webmvc-6.0.12.jar;C:\Users\111147781\.m2\repository\org\springframework\spring-expression\6.0.12\spring-expression-6.0.12.jar;C:\Users\111147781\.m2\repository\org\springframework\boot\spring-boot-devtools\3.0.11\spring-boot-devtools-3.0.11.jar;C:\Users\111147781\.m2\repository\org\springframework\boot\spring-boot\3.0.11\spring-boot-3.0.11.jar;C:\Users\111147781\.m2\repository\org\springframework\boot\spring-boot-autoconfigure\3.0.11\spring-boot-autoconfigure-3.0.11.jar;C:\Users\111147781\.m2\repository\com\h2database\h2\2.1.214\h2-2.1.214.jar;C:\Users\111147781\.m2\repository\org\projectlombok\lombok\1.18.30\lombok-1.18.30.jar;C:\Users\111147781\.m2\repository\org\springframework\boot\spring-boot-starter-test\3.0.11\spring-boot-starter-test-3.0.11.jar;C:\Users\111147781\.m2\repository\org\springframework\boot\spring-boot-test\3.0.11\spring-boot-test-3.0.11.jar;C:\Users\111147781\.m2\repository\org\springframework\boot\spring-boot-test-autoconfigure\3.0.11\spring-boot-test-autoconfigure-3.0.11.jar;C:\Users\111147781\.m2\repository\com\jayway\jsonpath\json-path\2.7.0\json-path-2.7.0.jar;C:\Users\111147781\.m2\repository\net\minidev\json-smart\2.4.11\json-smart-2.4.11.jar;C:\Users\111147781\.m2\repository\net\minidev\accessors-smart\2.4.11\accessors-smart-2.4.11.jar;C:\Users\111147781\.m2\repository\org\ow2\asm\asm\9.3\asm-9.3.jar;C:\Users\111147781\.m2\repository\jakarta\xml\bind\jakarta.xml.bind-api\4.0.1\jakarta.xml.bind-api-4.0.1.jar;C:\Users\111147781\.m2\repository\jakarta\activation\jakarta.activation-api\2.1.2\jakarta.activation-api-2.1.2.jar;C:\Users\111147781\.m2\repository\org\assertj\assertj-core\3.23.1\assertj-core-3.23.1.jar;C:\Users\111147781\.m2\repository\org\hamcrest\hamcrest\2.2\hamcrest-2.2.jar;C:\Users\111147781\.m2\repository\org\junit\jupiter\junit-jupiter\5.9.3\junit-jupiter-5.9.3.jar;C:\Users\111147781\.m2\repository\org\junit\jupiter\junit-jupiter-api\5.9.3\junit-jupiter-api-5.9.3.jar;C:\Users\111147781\.m2\repository\org\opentest4j\opentest4j\1.2.0\opentest4j-1.2.0.jar;C:\Users\111147781\.m2\repository\org\junit\platform\junit-platform-commons\1.9.3\junit-platform-commons-1.9.3.jar;C:\Users\111147781\.m2\repository\org\apiguardian\apiguardian-api\1.1.2\apiguardian-api-1.1.2.jar;C:\Users\111147781\.m2\repository\org\junit\jupiter\junit-jupiter-params\5.9.3\junit-jupiter-params-5.9.3.jar;C:\Users\111147781\.m2\repository\org\junit\jupiter\junit-jupiter-engine\5.9.3\junit-jupiter-engine-5.9.3.jar;C:\Users\111147781\.m2\repository\org\junit\platform\junit-platform-engine\1.9.3\junit-platform-engine-1.9.3.jar;C:\Users\111147781\.m2\repository\org\mockito\mockito-core\4.8.1\mockito-core-4.8.1.jar;C:\Users\111147781\.m2\repository\net\bytebuddy\byte-buddy-agent\1.12.23\byte-buddy-agent-1.12.23.jar;C:\Users\111147781\.m2\repository\org\objenesis\objenesis\3.2\objenesis-3.2.jar;C:\Users\111147781\.m2\repository\org\mockito\mockito-junit-jupiter\4.8.1\mockito-junit-jupiter-4.8.1.jar;C:\Users\111147781\.m2\repository\org\skyscreamer\jsonassert\1.5.1\jsonassert-1.5.1.jar;C:\Users\111147781\.m2\repository\com\vaadin\external\google\android-json\0.0.20131108.vaadin1\android-json-0.0.20131108.vaadin1.jar;C:\Users\111147781\.m2\repository\org\springframework\spring-core\6.0.12\spring-core-6.0.12.jar;C:\Users\111147781\.m2\repository\org\springframework\spring-jcl\6.0.12\spring-jcl-6.0.12.jar;C:\Users\111147781\.m2\repository\org\springframework\spring-test\6.0.12\spring-test-6.0.12.jar;C:\Users\111147781\.m2\repository\org\xmlunit\xmlunit-core\2.9.1\xmlunit-core-2.9.1.jar;C:\Users\111147781\.m2\repository\org\json\json\20230227\json-20230227.jar;C:\Users\111147781\.m2\repository\junit\junit\4.13.2\junit-4.13.2.jar;C:\Users\111147781\.m2\repository\org\hamcrest\hamcrest-core\2.2\hamcrest-core-2.2.jar;"/>
    <property name="sun.cpu.endian" value="little"/>
    <property name="user.home" value="C:\Users\111147781"/>
    <property name="user.language" value="en"/>
    <property name="java.specification.vendor" value="Oracle Corporation"/>
    <property name="java.version.date" value="2023-07-18"/>
    <property name="java.home" value="C:\Program Files\Java\jdk-17.0.8+7"/>
    <property name="ibm.signalhandling.rs" value="false"/>
    <property name="openjdk.methodhandles" value="true"/>
    <property name="file.separator" value="\"/>
    <property name="jdk.extensions.name" value="Extensions for OpenJDK for Eclipse OpenJ9"/>
    <property name="basedir" value="C:\Users\111147781\Documents\Work\GiveBack\DemoWorkspace\products"/>
    <property name="line.separator" value="&#10;"/>
    <property name="java.specification.name" value="Java Platform API Specification"/>
    <property name="java.vm.specification.vendor" value="Oracle Corporation"/>
    <property name="java.compiler" value="j9jit29"/>
    <property name="com.ibm.util.extralibs.properties" value=""/>
    <property name="java.awt.graphicsenv" value="sun.awt.Win32GraphicsEnvironment"/>
    <property name="com.ibm.oti.configuration" value="scar"/>
    <property name="java.awt.fonts" value=""/>
    <property name="surefire.real.class.path" value="C:\Users\111147~1\AppData\Local\Temp\surefire9382632378211995280\surefirebooter16921450046876817182.jar"/>
    <property name="com.ibm.oti.shared.enabled" value="false"/>
    <property name="com.ibm.oti.vm.bootstrap.library.path" value="C:\Program Files\Java\jdk-17.0.8+7\bin\default;C:\Program Files\Java\jdk-17.0.8+7\bin"/>
    <property name="com.ibm.cpu.endian" value="little"/>
    <property name="java.fullversion" value="17.0.8+7&#10;JRE 17 Windows 11 amd64-64-Bit Compressed References 20230718_465 (JIT enabled, AOT enabled)&#10;OpenJ9   - d12d10c9e&#10;OMR      - e80bff83b&#10;JCL      - 30f808c1763 based on jdk-17.0.8+7"/>
    <property name="java.runtime.version" value="17.0.8+7"/>
    <property name="user.name" value="111147781"/>
    <property name="path.separator" value=";"/>
    <property name="os.version" value="10.0"/>
    <property name="java.runtime.name" value="IBM Semeru Runtime Certified Edition"/>
    <property name="ibm.signalhandling.sigint" value="true"/>
    <property name="file.encoding" value="Cp1252"/>
    <property name="java.vm.name" value="Eclipse OpenJ9 VM"/>
    <property name="java.vendor.version" value="17.0.8.0"/>
    <property name="ibm.signalhandling.sigchain" value="true"/>
    <property name="localRepository" value="C:\Users\111147781\.m2\repository"/>
    <property name="java.vendor.url.bug" value="https://github.com/ibmruntimes/Semeru-Runtimes/issues"/>
    <property name="java.io.tmpdir" value="C:\Users\111147~1\AppData\Local\Temp\"/>
    <property name="idea.version" value="2023.2.2"/>
    <property name="java.version" value="17.0.8"/>
    <property name="com.ibm.system.agent.path" value="C:\Program Files\Java\jdk-17.0.8+7\bin"/>
    <property name="user.dir" value="C:\Users\111147781\Documents\Work\GiveBack\DemoWorkspace\products"/>
    <property name="os.arch" value="amd64"/>
    <property name="java.vm.specification.name" value="Java Virtual Machine Specification"/>
    <property name="java.awt.printerjob" value="sun.awt.windows.WPrinterJob"/>
    <property name="os.encoding" value="UTF-8"/>
    <property name="native.encoding" value="Cp1252"/>
    <property name="java.library.path" value="C:\Program Files\Java\jdk-17.0.8+7\bin\default;C:\Program Files\Java\jdk-17.0.8+7\bin;C:\Windows\system32;C:\Windows;C:\Program Files\Semeru\jre-17.0.8.101-openj9\bin;C:\Windows\system32;C:\Windows;C:\Windows\System32\Wbem;C:\Windows\System32\WindowsPowerShell\v1.0\;C:\Windows\System32\OpenSSH\;C:\Program Files\Amazon\AWSCLIV2\;C:\Program Files\Docker\Docker\resources\bin;C:\Program Files\Git\cmd;C:\Users\111147781\AppData\Local\Microsoft\WindowsApps;C:\Users\111147781\AppData\Local\Box\Box Edit\;C:\Program Files\Java\jdk-17.0.8+7;;."/>
    <property name="java.vendor" value="IBM Corporation"/>
    <property name="java.vm.info" value="JRE 17 Windows 11 amd64-64-Bit Compressed References 20230718_465 (JIT enabled, AOT enabled)&#10;OpenJ9   - d12d10c9e&#10;OMR      - e80bff83b&#10;JCL      - 30f808c1763 based on jdk-17.0.8+7"/>
    <property name="java.vm.version" value="openj9-0.40.0"/>
    <property name="com.ibm.jcl.checkClassPath" value=""/>
    <property name="ibm.system.encoding" value="Cp1252"/>
    <property name="java.lang.invoke.VarHandle.VAR_HANDLE_GUARDS" value="false"/>
    <property name="sun.io.unicode.encoding" value="UnicodeLittle"/>
    <property name="java.class.version" value="61.0"/>
  </properties>
  <testcase name="testFindAll_shouldReturnOk" classname="com.ibm.products.controller.ProductControllerTest" time="0.275">
    <error message="Handler dispatch failed: java.lang.NoSuchMethodError: org/json/JSONObject.put(Ljava/lang/String;Ljava/util/Collection;)Lorg/json/JSONObject; (loaded from file:/C:/Users/111147781/.m2/repository/com/vaadin/external/google/android-json/0.0.20131108.vaadin1/android-json-0.0.20131108.vaadin1.jar by jdk.internal.loader.ClassLoaders$AppClassLoader@be2d1de1) called from class com.ibm.products.service.impl.ProductServiceImpl (loaded from file:/C:/Users/111147781/Documents/Work/GiveBack/DemoWorkspace/products/target/classes/ by jdk.internal.loader.ClassLoaders$AppClassLoader@be2d1de1)." type="jakarta.servlet.ServletException">jakarta.servlet.ServletException: Handler dispatch failed: java.lang.NoSuchMethodError: org/json/JSONObject.put(Ljava/lang/String;Ljava/util/Collection;)Lorg/json/JSONObject; (loaded from file:/C:/Users/111147781/.m2/repository/com/vaadin/external/google/android-json/0.0.20131108.vaadin1/android-json-0.0.20131108.vaadin1.jar by jdk.internal.loader.ClassLoaders$AppClassLoader@be2d1de1) called from class com.ibm.products.service.impl.ProductServiceImpl (loaded from file:/C:/Users/111147781/Documents/Work/GiveBack/DemoWorkspace/products/target/classes/ by jdk.internal.loader.ClassLoaders$AppClassLoader@be2d1de1).
	at com.ibm.products.controller.ProductControllerTest.testFindAll_shouldReturnOk(ProductControllerTest.java:25)
Caused by: java.lang.NoSuchMethodError: org/json/JSONObject.put(Ljava/lang/String;Ljava/util/Collection;)Lorg/json/JSONObject; (loaded from file:/C:/Users/111147781/.m2/repository/com/vaadin/external/google/android-json/0.0.20131108.vaadin1/android-json-0.0.20131108.vaadin1.jar by jdk.internal.loader.ClassLoaders$AppClassLoader@be2d1de1) called from class com.ibm.products.service.impl.ProductServiceImpl (loaded from file:/C:/Users/111147781/Documents/Work/GiveBack/DemoWorkspace/products/target/classes/ by jdk.internal.loader.ClassLoaders$AppClassLoader@be2d1de1).
	at com.ibm.products.controller.ProductControllerTest.testFindAll_shouldReturnOk(ProductControllerTest.java:25)
</error>
    <system-out><![CDATA[12:17:49.012 [main] DEBUG org.springframework.boot.test.context.SpringBootTestContextBootstrapper -- Neither @ContextConfiguration nor @ContextHierarchy found for test class [ProductControllerTest]: using SpringBootContextLoader
12:17:49.015 [main] DEBUG org.springframework.test.context.support.AbstractContextLoader -- Could not detect default resource locations for test class [com.ibm.products.controller.ProductControllerTest]: no resource found for suffixes {-context.xml, Context.groovy}.
12:17:49.016 [main] INFO org.springframework.test.context.support.AnnotationConfigContextLoaderUtils -- Could not detect default configuration classes for test class [com.ibm.products.controller.ProductControllerTest]: ProductControllerTest does not declare any static, non-private, non-final, nested classes annotated with @Configuration.
12:17:49.051 [main] DEBUG org.springframework.boot.test.context.SpringBootTestContextBootstrapper -- Using ContextCustomizers for test class [ProductControllerTest]: [ImportsContextCustomizer, ExcludeFilterContextCustomizer, DuplicateJsonObjectContextCustomizer, MockitoContextCustomizer, TestRestTemplateContextCustomizer, DisableObservabilityContextCustomizer, PropertyMappingContextCustomizer, WebDriverContextCustomizer]
12:17:49.129 [main] DEBUG org.springframework.context.annotation.ClassPathScanningCandidateComponentProvider -- Identified candidate component class: file [C:\Users\111147781\Documents\Work\GiveBack\DemoWorkspace\products\target\classes\com\ibm\products\ProductsApplication.class]
12:17:49.131 [main] INFO org.springframework.boot.test.context.SpringBootTestContextBootstrapper -- Found @SpringBootConfiguration com.ibm.products.ProductsApplication for test class com.ibm.products.controller.ProductControllerTest
12:17:49.222 [main] DEBUG org.springframework.test.context.util.TestContextSpringFactoriesUtils -- Skipping candidate TestExecutionListener [org.springframework.test.context.observation.MicrometerObservationRegistryTestExecutionListener] due to a missing dependency. Specify custom TestExecutionListener classes or make the default TestExecutionListener classes and their required dependencies available. Offending class: io.micrometer.context.ThreadLocalAccessor. MicrometerObservationRegistryTestExecutionListener requires io.micrometer:micrometer-observation:1.10.8 or higher and io.micrometer:context-propagation:1.0.3 or higher.
12:17:49.231 [main] DEBUG org.springframework.boot.test.context.SpringBootTestContextBootstrapper -- Using TestExecutionListeners for test class [ProductControllerTest]: [ServletTestExecutionListener, DirtiesContextBeforeModesTestExecutionListener, ApplicationEventsTestExecutionListener, MockitoTestExecutionListener, DependencyInjectionTestExecutionListener, DirtiesContextTestExecutionListener, TransactionalTestExecutionListener, SqlScriptsTestExecutionListener, EventPublishingTestExecutionListener, ResetMocksTestExecutionListener, RestDocsTestExecutionListener, MockRestServiceServerResetTestExecutionListener, MockMvcPrintOnlyOnFailureTestExecutionListener, WebDriverTestExecutionListener, MockWebServiceServerTestExecutionListener]
12:17:49.233 [main] DEBUG org.springframework.test.context.support.DirtiesContextBeforeModesTestExecutionListener -- Before test class: class [ProductControllerTest], class annotated with @DirtiesContext [false] with mode [null]

  .   ____          _            __ _ _
 /\\ / ___'_ __ _ _(_)_ __  __ _ \ \ \ \
( ( )\___ | '_ | '_| | '_ \/ _` | \ \ \ \
 \\/  ___)| |_)| | | | | || (_| |  ) ) ) )
  '  |____| .__|_| |_|_| |_\__, | / / / /
 =========|_|==============|___/=/_/_/_/
 :: Spring Boot ::               (v3.0.11)

2023-09-27 12:17:49.563  WARN 15964 --- [           main] ory$DuplicateJsonObjectContextCustomizer : 

Found multiple occurrences of org.json.JSONObject on the class path:

	jar:file:/C:/Users/111147781/.m2/repository/com/vaadin/external/google/android-json/0.0.20131108.vaadin1/android-json-0.0.20131108.vaadin1.jar!/org/json/JSONObject.class
	jar:file:/C:/Users/111147781/.m2/repository/org/json/json/20230227/json-20230227.jar!/org/json/JSONObject.class

You may wish to exclude one of them to ensure predictable runtime behavior

2023-09-27 12:17:49.581  INFO 15964 --- [           main] c.i.p.controller.ProductControllerTest   : Starting ProductControllerTest using Java 17.0.8 with PID 15964 (started by 111147781 in C:\Users\111147781\Documents\Work\GiveBack\DemoWorkspace\products)
2023-09-27 12:17:49.582 DEBUG 15964 --- [           main] c.i.p.controller.ProductControllerTest   : Running with Spring Boot v3.0.11, Spring v6.0.12
2023-09-27 12:17:49.582  INFO 15964 --- [           main] c.i.p.controller.ProductControllerTest   : The following 1 profile is active: "development"
2023-09-27 12:17:50.117  INFO 15964 --- [           main] .s.d.r.c.RepositoryConfigurationDelegate : Bootstrapping Spring Data JPA repositories in DEFAULT mode.
2023-09-27 12:17:50.168  INFO 15964 --- [           main] .s.d.r.c.RepositoryConfigurationDelegate : Finished Spring Data repository scanning in 42 ms. Found 1 JPA repository interfaces.
2023-09-27 12:17:50.519  INFO 15964 --- [           main] com.zaxxer.hikari.HikariDataSource       : HikariPool-1 - Starting...
2023-09-27 12:17:50.658  INFO 15964 --- [           main] com.zaxxer.hikari.pool.HikariPool        : HikariPool-1 - Added connection conn0: url=jdbc:h2:mem:12a04c50-af2d-4f55-b35c-13476af1cd39 user=SA
2023-09-27 12:17:50.659  INFO 15964 --- [           main] com.zaxxer.hikari.HikariDataSource       : HikariPool-1 - Start completed.
2023-09-27 12:17:50.702  INFO 15964 --- [           main] o.hibernate.jpa.internal.util.LogHelper  : HHH000204: Processing PersistenceUnitInfo [name: default]
2023-09-27 12:17:50.740  INFO 15964 --- [           main] org.hibernate.Version                    : HHH000412: Hibernate ORM core version 6.1.7.Final
2023-09-27 12:17:50.979  INFO 15964 --- [           main] SQL dialect                              : HHH000400: Using dialect: org.hibernate.dialect.H2Dialect
2023-09-27 12:17:51.523  INFO 15964 --- [           main] o.h.t.schema.internal.SchemaCreatorImpl  : HHH000476: Executing import script 'file:/C:/Users/111147781/Documents/Work/GiveBack/DemoWorkspace/products/target/classes/import.sql'
2023-09-27 12:17:51.529  INFO 15964 --- [           main] o.h.e.t.j.p.i.JtaPlatformInitiator       : HHH000490: Using JtaPlatform implementation: [org.hibernate.engine.transaction.jta.platform.internal.NoJtaPlatform]
2023-09-27 12:17:51.537  INFO 15964 --- [           main] j.LocalContainerEntityManagerFactoryBean : Initialized JPA EntityManagerFactory for persistence unit 'default'
2023-09-27 12:17:51.858  WARN 15964 --- [           main] JpaBaseConfiguration$JpaWebConfiguration : spring.jpa.open-in-view is enabled by default. Therefore, database queries may be performed during view rendering. Explicitly configure spring.jpa.open-in-view to disable this warning
2023-09-27 12:17:52.112  INFO 15964 --- [           main] o.s.b.t.m.w.SpringBootMockServletContext : Initializing Spring TestDispatcherServlet ''
2023-09-27 12:17:52.112  INFO 15964 --- [           main] o.s.t.web.servlet.TestDispatcherServlet  : Initializing Servlet ''
2023-09-27 12:17:52.114  INFO 15964 --- [           main] o.s.t.web.servlet.TestDispatcherServlet  : Completed initialization in 1 ms
2023-09-27 12:17:52.136  INFO 15964 --- [           main] c.i.p.controller.ProductControllerTest   : Started ProductControllerTest in 2.861 seconds (process running for 3.919)
]]></system-out>
  </testcase>
</testsuite>